\BOOKMARK [1][-]{section.1}{\376\377\000I\000n\000t\000r\000o\000d\000u\000c\000t\000i\000o\000n}{}% 1
\BOOKMARK [1][-]{section.2}{\376\377\000A\000p\000p\000l\000i\000c\000a\000t\000i\000o\000n\000\040\000D\000e\000s\000c\000r\000i\000p\000t\000i\000o\000n}{}% 2
\BOOKMARK [2][-]{subsection.2.1}{\376\377\000F\000u\000n\000c\000t\000i\000o\000n\000a\000l\000i\000t\000y\000\040\000o\000f\000\040\000t\000h\000e\000\040\000A\000p\000p\000l\000i\000c\000a\000t\000i\000o\000n}{section.2}% 3
\BOOKMARK [2][-]{subsection.2.2}{\376\377\000T\000h\000e\000\040\000S\000t\000a\000k\000e\000h\000o\000l\000d\000e\000r\000s}{section.2}% 4
\BOOKMARK [2][-]{subsection.2.3}{\376\377\000T\000y\000p\000e\000s\000\040\000o\000f\000\040\000D\000a\000t\000a\000\040\000C\000o\000l\000l\000e\000c\000t\000e\000d\000\040\000a\000n\000d\000\040\000P\000u\000r\000p\000o\000s\000e\000s}{section.2}% 5
\BOOKMARK [3][-]{subsubsection.2.3.1}{\376\377\000D\000a\000t\000a\000\040\000C\000o\000l\000l\000e\000c\000t\000i\000o\000n\000\040\000i\000n\000\040\000t\000h\000e\000\040\000T\000r\000a\000c\000k\000e\000r}{subsection.2.3}% 6
\BOOKMARK [3][-]{subsubsection.2.3.2}{\376\377\000D\000a\000t\000a\000\040\000C\000o\000l\000l\000e\000c\000t\000i\000o\000n\000\040\000i\000n\000\040\000A\000p\000p\000l\000e\000'\000s\000\040\000S\000y\000s\000t\000e\000m}{subsection.2.3}% 7
\BOOKMARK [3][-]{subsubsection.2.3.3}{\376\377\000D\000a\000t\000a\000\040\000C\000o\000l\000l\000e\000c\000t\000e\000d\000\040\000b\000y\000\040\000t\000h\000e\000\040\000M\000a\000c\000l\000e\000s\000s\000-\000H\000a\000y\000s\000t\000a\000c\000k\000\040\000A\000p\000p\000l\000i\000c\000a\000t\000i\000o\000n}{subsection.2.3}% 8
\BOOKMARK [3][-]{subsubsection.2.3.4}{\376\377\000D\000a\000t\000a\000\040\000C\000o\000l\000l\000e\000c\000t\000e\000d\000\040\000b\000y\000\040\000t\000h\000e\000\040\000M\000a\000c\000l\000e\000s\000s\000-\000H\000a\000y\000s\000t\000a\000c\000k\000\040\000A\000P\000I}{subsection.2.3}% 9
\BOOKMARK [1][-]{section.3}{\376\377\000P\000r\000i\000v\000a\000c\000y\000\040\000I\000m\000p\000a\000c\000t\000\040\000A\000s\000s\000e\000s\000s\000m\000e\000n\000t}{}% 10
\BOOKMARK [2][-]{subsection.3.1}{\376\377\000T\000h\000r\000e\000a\000t\000\040\000M\000o\000d\000e\000l}{section.3}% 11
\BOOKMARK [2][-]{subsection.3.2}{\376\377\000L\000I\000N\000D\000D\000U\000N\000\040\000P\000r\000i\000v\000a\000c\000y\000\040\000T\000h\000r\000e\000a\000t\000\040\000A\000n\000a\000l\000y\000s\000i\000s}{section.3}% 12
\BOOKMARK [2][-]{subsection.3.3}{\376\377\000G\000D\000P\000R\000\040\000C\000o\000m\000p\000l\000i\000a\000n\000c\000e\000\040\000C\000o\000n\000s\000i\000d\000e\000r\000a\000t\000i\000o\000n\000s}{section.3}% 13
\BOOKMARK [2][-]{subsection.3.4}{\376\377\000M\000a\000i\000n\000\040\000I\000d\000e\000n\000t\000i\000f\000i\000e\000d\000\040\000P\000r\000i\000v\000a\000c\000y\000\040\000T\000h\000r\000e\000a\000t\000s}{section.3}% 14
\BOOKMARK [3][-]{subsubsection.3.4.1}{\376\377\000A\000d\000v\000e\000r\000t\000i\000s\000e\000m\000e\000n\000t\000\040\000K\000e\000y\000s\000\040\000i\000n\000\040\000M\000a\000c\000l\000e\000s\000s\000\040\000H\000a\000y\000s\000t\000a\000c\000k}{subsection.3.4}% 15
\BOOKMARK [3][-]{subsubsection.3.4.2}{\376\377\000U\000n\000i\000t\000\040\000T\000e\000s\000t\000\040\000f\000o\000r\000\040\000R\000o\000l\000l\000i\000n\000g\000\040\000C\000o\000d\000e\000s}{subsection.3.4}% 16
\BOOKMARK [3][-]{subsubsection.3.4.3}{\376\377\000P\000l\000a\000i\000n\000\040\000T\000e\000x\000t\000\040\000C\000r\000e\000d\000e\000n\000t\000i\000a\000l\000s}{subsection.3.4}% 17
\BOOKMARK [1][-]{section.4}{\376\377\000R\000e\000c\000o\000m\000m\000e\000n\000d\000a\000t\000i\000o\000n\000s}{}% 18
\BOOKMARK [2][-]{subsection.4.1}{\376\377\000M\000i\000t\000i\000g\000a\000t\000i\000n\000g\000\040\000L\000i\000n\000k\000a\000b\000i\000l\000i\000t\000y\000\040\000w\000i\000t\000h\000\040\000R\000o\000l\000l\000i\000n\000g\000\040\000C\000o\000d\000e\000s}{section.4}% 19
\BOOKMARK [3][-]{subsubsection.4.1.1}{\376\377\000C\000l\000i\000e\000n\000t\000-\000S\000i\000d\000e\000\040\000C\000h\000a\000l\000l\000e\000n\000g\000e\000s}{subsection.4.1}% 20
\BOOKMARK [2][-]{subsection.4.2}{\376\377\000S\000o\000l\000u\000t\000i\000o\000n\000\040\000t\000o\000\040\000s\000e\000c\000o\000n\000d\000\040\000t\000h\000r\000e\000a\000t}{section.4}% 21
\BOOKMARK [1][-]{section.5}{\376\377\000C\000o\000n\000c\000l\000u\000s\000i\000o\000n}{}% 22
